[debug] [2022-12-03T03:59:26.677Z] ----------------------------------------------------------------------
[debug] [2022-12-03T03:59:26.683Z] Command:       /home/rodrigo160795/.nvm/versions/node/v16.14.0/bin/node /home/rodrigo160795/.nvm/versions/node/v16.14.0/bin/firebase init
[debug] [2022-12-03T03:59:26.686Z] CLI Version:   11.16.1
[debug] [2022-12-03T03:59:26.686Z] Platform:      linux
[debug] [2022-12-03T03:59:26.687Z] Node Version:  v16.14.0
[debug] [2022-12-03T03:59:26.688Z] Time:          Fri Dec 02 2022 21:59:26 GMT-0600 (Central Standard Time)
[debug] [2022-12-03T03:59:26.689Z] ----------------------------------------------------------------------
[debug] 
[debug] [2022-12-03T03:59:26.709Z] > command requires scopes: ["email","openid","https://www.googleapis.com/auth/cloudplatformprojects.readonly","https://www.googleapis.com/auth/firebase","https://www.googleapis.com/auth/cloud-platform"]
[debug] [2022-12-03T03:59:26.710Z] > authorizing via signed-in user (rolo95.rl@gmail.com)
[info] 
     ######## #### ########  ######## ########     ###     ######  ########
     ##        ##  ##     ## ##       ##     ##  ##   ##  ##       ##
     ######    ##  ########  ######   ########  #########  ######  ######
     ##        ##  ##    ##  ##       ##     ## ##     ##       ## ##
     ##       #### ##     ## ######## ########  ##     ##  ######  ########

You're about to initialize a Firebase project in this directory:

  /home/rodrigo160795/projects/animals-client

[info] 
=== Project Setup
[info] 
[info] First, let's associate this project directory with a Firebase project.
[info] You can create multiple project aliases by running firebase use --add, 
[info] but for now we'll just set up a default project.
[info] 
[debug] [2022-12-03T04:01:14.672Z] >>> [apiv2][query] GET https://firebase.googleapis.com/v1beta1/projects pageSize=100
[debug] [2022-12-03T04:01:15.370Z] <<< [apiv2][status] GET https://firebase.googleapis.com/v1beta1/projects 200
[debug] [2022-12-03T04:01:15.371Z] <<< [apiv2][body] GET https://firebase.googleapis.com/v1beta1/projects [omitted]
[info] i  Using project app-animales-1fefe (App animales) 
[info] 
=== Hosting Setup
[info] 
[info] Your public directory is the folder (relative to your project directory) that
[info] will contain Hosting assets to be uploaded with firebase deploy. If you
[info] have a build process for your assets, use your build's output directory.
[info] 
[debug] [2022-12-03T04:01:48.388Z] >>> [apiv2][query] GET https://www.gstatic.com/firebasejs/releases.json [none]
[debug] [2022-12-03T04:01:48.588Z] <<< [apiv2][status] GET https://www.gstatic.com/firebasejs/releases.json 200
[debug] [2022-12-03T04:01:48.589Z] <<< [apiv2][body] GET https://www.gstatic.com/firebasejs/releases.json {"current":{"version":"9.14.0","browserURL":"https://www.gstatic.com/firebasejs/9.14.0/firebase.js","packageURL":"https://www.gstatic.com/firebasejs/9.14.0/firebase.tgz"},"live":{"version":"9.14","browserURL":"https://www.gstatic.com/firebasejs/live/9.14/firebase.js","packageURL":"https://www.gstatic.com/firebasejs/live/9.14/firebase.tgz"},"components":{"analytics":"https://www.gstatic.com/firebasejs/9.14.0/firebase-analytics.js","app":"https://www.gstatic.com/firebasejs/9.14.0/firebase-app.js","app-check":"https://www.gstatic.com/firebasejs/9.14.0/firebase-app-check.js","auth":"https://www.gstatic.com/firebasejs/9.14.0/firebase-auth.js","auth/cordova":"https://www.gstatic.com/firebasejs/9.14.0/firebase-auth/cordova.js","auth/react-native":"https://www.gstatic.com/firebasejs/9.14.0/firebase-auth/react-native.js","functions":"https://www.gstatic.com/firebasejs/9.14.0/firebase-functions.js","firestore":"https://www.gstatic.com/firebasejs/9.14.0/firebase-firestore.js","firestore/lite":"https://www.gstatic.com/firebasejs/9.14.0/firebase-firestore/lite.js","installations":"https://www.gstatic.com/firebasejs/9.14.0/firebase-installations.js","storage":"https://www.gstatic.com/firebasejs/9.14.0/firebase-storage.js","performance":"https://www.gstatic.com/firebasejs/9.14.0/firebase-performance.js","remote-config":"https://www.gstatic.com/firebasejs/9.14.0/firebase-remote-config.js","messaging":"https://www.gstatic.com/firebasejs/9.14.0/firebase-messaging.js","messaging/sw":"https://www.gstatic.com/firebasejs/9.14.0/firebase-messaging/sw.js","database":"https://www.gstatic.com/firebasejs/9.14.0/firebase-database.js","firestore.memory":"https://www.gstatic.com/firebasejs/9.14.0/firebase-firestore.memory.js"}}
[info] ✔  Wrote Animales/index.html 
[info] 
[info] i  Detected a .git folder at /home/rodrigo160795/projects/animals-client 
[info] i  Authorizing with GitHub to upload your service account to a GitHub repository's secrets store. 
[info] 
[info] Visit this URL on this device to log in:
[info] https://github.com/login/oauth/authorize?client_id=89cf50f02ac6aaed3484&state=1048287490&redirect_uri=http%3A%2F%2Flocalhost%3A9005&scope=read%3Auser%20repo%20public_repo
[info] 
[info] Waiting for authentication...
[debug] [2022-12-03T04:02:21.425Z] >>> [apiv2][query] POST https://github.com/login/oauth/access_token [none]
[debug] [2022-12-03T04:02:21.425Z] >>> [apiv2][body] POST https://github.com/login/oauth/access_token [stream]
[debug] [2022-12-03T04:02:21.878Z] <<< [apiv2][status] POST https://github.com/login/oauth/access_token 200
[debug] [2022-12-03T04:02:21.878Z] <<< [apiv2][body] POST https://github.com/login/oauth/access_token {"access_token":"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","token_type":"bearer","scope":"read:user,repo"}
[debug] [2022-12-03T04:02:21.893Z] >>> [apiv2][query] GET https://api.github.com/user [none]
[debug] [2022-12-03T04:02:22.362Z] <<< [apiv2][status] GET https://api.github.com/user 200
[debug] [2022-12-03T04:02:22.363Z] <<< [apiv2][body] GET https://api.github.com/user {"login":"RodrigoLopez160795","id":72243914,"node_id":"MDQ6VXNlcjcyMjQzOTE0","avatar_url":"https://avatars.githubusercontent.com/u/72243914?v=4","gravatar_id":"","url":"https://api.github.com/users/RodrigoLopez160795","html_url":"https://github.com/RodrigoLopez160795","followers_url":"https://api.github.com/users/RodrigoLopez160795/followers","following_url":"https://api.github.com/users/RodrigoLopez160795/following{/other_user}","gists_url":"https://api.github.com/users/RodrigoLopez160795/gists{/gist_id}","starred_url":"https://api.github.com/users/RodrigoLopez160795/starred{/owner}{/repo}","subscriptions_url":"https://api.github.com/users/RodrigoLopez160795/subscriptions","organizations_url":"https://api.github.com/users/RodrigoLopez160795/orgs","repos_url":"https://api.github.com/users/RodrigoLopez160795/repos","events_url":"https://api.github.com/users/RodrigoLopez160795/events{/privacy}","received_events_url":"https://api.github.com/users/RodrigoLopez160795/received_events","type":"User","site_admin":false,"name":null,"company":null,"blog":"","location":null,"email":null,"hireable":null,"bio":null,"twitter_username":null,"public_repos":18,"public_gists":0,"followers":1,"following":0,"created_at":"2020-10-02T05:24:49Z","updated_at":"2022-09-28T22:42:36Z","private_gists":0,"total_private_repos":1,"owned_private_repos":0,"disk_usage":16053,"collaborators":0,"two_factor_authentication":false,"plan":{"name":"free","space":976562499,"collaborators":0,"private_repos":10000}}
[info] 
[info] ✔  Success! Logged into GitHub as RodrigoLopez160795 
[info] 
